15:43:20.035 [main] DEBUG c.i.karate.cucumber.CucumberRunner - init test class: class com.yosuva.apitest.TestRunner
15:43:20.293 [main] DEBUG c.i.karate.cucumber.CucumberRunner - loading feature: /Users/yosuvaarulanthu/eclipse-workspace/karate-example/target/test-classes/com/yosuva/apitest/test.feature
15:43:21.408 [main] INFO  com.intuit.karate.ScriptBridge - karate.env system property was: null 
15:43:22.352 [main] DEBUG com.intuit.karate.StepDefs - response time in milliseconds: 695
15:46:06.103 [main] DEBUG c.i.karate.cucumber.CucumberRunner - init test class: class examples.users.UsersRunner
15:46:06.263 [main] DEBUG c.i.karate.cucumber.CucumberRunner - loading feature: /Users/yosuvaarulanthu/eclipse-workspace/karate-example/target/test-classes/examples/users/users.feature
15:46:07.223 [main] INFO  com.intuit.karate.ScriptBridge - karate.env system property was: null 
15:46:08.049 [main] DEBUG com.intuit.karate.StepDefs - response time in milliseconds: 633
15:46:08.357 [main] DEBUG com.intuit.karate.StepDefs - response time in milliseconds: 39
15:46:08.469 [main] INFO  com.intuit.karate.ScriptBridge - karate.env system property was: null 
15:46:08.924 [main] DEBUG com.intuit.karate.StepDefs - response time in milliseconds: 417
15:46:08.952 [main] INFO  com.intuit.karate.StepDefs - [print] created id is: 11
15:50:33.224 [main] DEBUG c.i.karate.cucumber.CucumberRunner - init test class: class com.yosuva.apitest.TestRunner
15:50:33.399 [main] DEBUG c.i.karate.cucumber.CucumberRunner - loading feature: /Users/yosuvaarulanthu/eclipse-workspace/karate-example/target/test-classes/com/yosuva/apitest/test.feature
15:50:34.326 [main] INFO  com.intuit.karate.ScriptBridge - karate.env system property was: null 
15:50:35.248 [main] DEBUG com.intuit.karate.StepDefs - response time in milliseconds: 661
15:50:35.444 [main] INFO  com.intuit.karate.StepDefs - [print] {data={id=2, email=janet.weaver@reqres.in, first_name=Janet, last_name=Weaver, avatar=https://s3.amazonaws.com/uifaces/faces/twitter/josephstein/128.jpg}, ad={company=StatusCode Weekly, url=http://statuscode.org/, text=A weekly newsletter focusing on software development, infrastructure, the server, performance, and the stack end of things.}}
15:54:55.715 [main] DEBUG c.i.karate.cucumber.CucumberRunner - init test class: class com.yosuva.apitest.TestRunner
15:54:55.908 [main] DEBUG c.i.karate.cucumber.CucumberRunner - loading feature: /Users/yosuvaarulanthu/eclipse-workspace/karate-example/target/test-classes/com/yosuva/apitest/test.feature
15:54:56.836 [main] INFO  com.intuit.karate.ScriptBridge - karate.env system property was: null 
15:54:57.760 [main] DEBUG com.intuit.karate.StepDefs - response time in milliseconds: 674
15:54:57.953 [main] INFO  com.intuit.karate.StepDefs - [print] {data={id=2, email=janet.weaver@reqres.in, first_name=Janet, last_name=Weaver, avatar=https://s3.amazonaws.com/uifaces/faces/twitter/josephstein/128.jpg}, ad={company=StatusCode Weekly, url=http://statuscode.org/, text=A weekly newsletter focusing on software development, infrastructure, the server, performance, and the stack end of things.}}
15:56:11.635 [main] DEBUG c.i.karate.cucumber.CucumberRunner - init test class: class com.yosuva.apitest.TestRunner
15:56:11.819 [main] DEBUG c.i.karate.cucumber.CucumberRunner - loading feature: /Users/yosuvaarulanthu/eclipse-workspace/karate-example/target/test-classes/com/yosuva/apitest/test.feature
15:56:12.665 [main] INFO  com.intuit.karate.ScriptBridge - karate.env system property was: null 
15:56:13.574 [main] DEBUG com.intuit.karate.StepDefs - response time in milliseconds: 626
15:56:13.716 [main] INFO  com.intuit.karate.StepDefs - [print] {data={id=2, email=janet.weaver@reqres.in, first_name=Janet, last_name=Weaver, avatar=https://s3.amazonaws.com/uifaces/faces/twitter/josephstein/128.jpg}, ad={company=StatusCode Weekly, url=http://statuscode.org/, text=A weekly newsletter focusing on software development, infrastructure, the server, performance, and the stack end of things.}}
16:02:03.050 [main] DEBUG c.i.karate.cucumber.CucumberRunner - init test class: class com.yosuva.apitest.TestRunner
16:02:03.214 [main] DEBUG c.i.karate.cucumber.CucumberRunner - loading feature: /Users/yosuvaarulanthu/eclipse-workspace/karate-example/target/test-classes/com/yosuva/apitest/test.feature
16:02:04.198 [main] INFO  com.intuit.karate.ScriptBridge - karate.env system property was: null 
16:02:05.063 [main] DEBUG com.intuit.karate.StepDefs - response time in milliseconds: 631
16:02:05.277 [main] INFO  com.intuit.karate.StepDefs - [print] {data={id=2, email=janet.weaver@reqres.in, first_name=Janet, last_name=Weaver, avatar=https://s3.amazonaws.com/uifaces/faces/twitter/josephstein/128.jpg}, ad={company=StatusCode Weekly, url=http://statuscode.org/, text=A weekly newsletter focusing on software development, infrastructure, the server, performance, and the stack end of things.}}
16:02:20.675 [main] DEBUG c.i.karate.cucumber.CucumberRunner - init test class: class com.yosuva.apitest.TestRunner
16:02:20.812 [main] DEBUG c.i.karate.cucumber.CucumberRunner - loading feature: /Users/yosuvaarulanthu/eclipse-workspace/karate-example/target/test-classes/com/yosuva/apitest/test.feature
16:02:21.604 [main] INFO  com.intuit.karate.ScriptBridge - karate.env system property was: null 
16:02:22.377 [main] DEBUG com.intuit.karate.StepDefs - response time in milliseconds: 597
16:02:22.627 [main] INFO  com.intuit.karate.StepDefs - [print] {data={id=2, email=janet.weaver@reqres.in, first_name=Janet, last_name=Weaver, avatar=https://s3.amazonaws.com/uifaces/faces/twitter/josephstein/128.jpg}, ad={company=StatusCode Weekly, url=http://statuscode.org/, text=A weekly newsletter focusing on software development, infrastructure, the server, performance, and the stack end of things.}}
16:02:39.713 [main] DEBUG c.i.karate.cucumber.CucumberRunner - init test class: class com.yosuva.apitest.TestRunner
16:02:39.849 [main] DEBUG c.i.karate.cucumber.CucumberRunner - loading feature: /Users/yosuvaarulanthu/eclipse-workspace/karate-example/target/test-classes/com/yosuva/apitest/test.feature
16:02:40.671 [main] INFO  com.intuit.karate.ScriptBridge - karate.env system property was: null 
16:02:41.430 [main] DEBUG com.intuit.karate.StepDefs - response time in milliseconds: 599
16:02:41.556 [main] INFO  com.intuit.karate.StepDefs - [print] {data={id=2, email=janet.weaver@reqres.in, first_name=Janet, last_name=Weaver, avatar=https://s3.amazonaws.com/uifaces/faces/twitter/josephstein/128.jpg}, ad={company=StatusCode Weekly, url=http://statuscode.org/, text=A weekly newsletter focusing on software development, infrastructure, the server, performance, and the stack end of things.}}
16:03:12.043 [main] DEBUG c.i.karate.cucumber.CucumberRunner - init test class: class com.yosuva.apitest.TestRunner
16:03:12.210 [main] DEBUG c.i.karate.cucumber.CucumberRunner - loading feature: /Users/yosuvaarulanthu/eclipse-workspace/karate-example/target/test-classes/com/yosuva/apitest/test.feature
16:03:13.079 [main] INFO  com.intuit.karate.ScriptBridge - karate.env system property was: null 
16:03:13.948 [main] DEBUG com.intuit.karate.StepDefs - response time in milliseconds: 632
16:03:14.179 [main] INFO  com.intuit.karate.StepDefs - [print] {data={id=2, email=janet.weaver@reqres.in, first_name=Janet, last_name=Weaver, avatar=https://s3.amazonaws.com/uifaces/faces/twitter/josephstein/128.jpg}, ad={company=StatusCode Weekly, url=http://statuscode.org/, text=A weekly newsletter focusing on software development, infrastructure, the server, performance, and the stack end of things.}}
16:03:14.205 [main] DEBUG com.intuit.karate.FileUtils - loaded file from: /Users/yosuvaarulanthu/eclipse-workspace/karate-example/target/test-classes/com/yosuva/apitest/response.json - response.json: java.io.FileInputStream@6642dc5a
16:03:36.653 [main] DEBUG c.i.karate.cucumber.CucumberRunner - init test class: class com.yosuva.apitest.TestRunner
16:03:36.810 [main] DEBUG c.i.karate.cucumber.CucumberRunner - loading feature: /Users/yosuvaarulanthu/eclipse-workspace/karate-example/target/test-classes/com/yosuva/apitest/test.feature
16:03:37.621 [main] INFO  com.intuit.karate.ScriptBridge - karate.env system property was: null 
16:03:38.380 [main] DEBUG com.intuit.karate.StepDefs - response time in milliseconds: 588
16:03:38.511 [main] INFO  com.intuit.karate.StepDefs - [print] {data={id=2, email=janet.weaver@reqres.in, first_name=Janet, last_name=Weaver, avatar=https://s3.amazonaws.com/uifaces/faces/twitter/josephstein/128.jpg}, ad={company=StatusCode Weekly, url=http://statuscode.org/, text=A weekly newsletter focusing on software development, infrastructure, the server, performance, and the stack end of things.}}
16:03:38.558 [main] DEBUG com.intuit.karate.FileUtils - loaded file from: /Users/yosuvaarulanthu/eclipse-workspace/karate-example/target/test-classes/com/yosuva/apitest/response.json - response.json: java.io.FileInputStream@6642dc5a
16:04:04.960 [main] DEBUG c.i.karate.cucumber.CucumberRunner - init test class: class com.yosuva.apitest.TestRunner
16:04:05.119 [main] DEBUG c.i.karate.cucumber.CucumberRunner - loading feature: /Users/yosuvaarulanthu/eclipse-workspace/karate-example/target/test-classes/com/yosuva/apitest/test.feature
16:04:06.102 [main] INFO  com.intuit.karate.ScriptBridge - karate.env system property was: null 
16:04:06.909 [main] DEBUG com.intuit.karate.StepDefs - response time in milliseconds: 610
16:04:07.032 [main] INFO  com.intuit.karate.StepDefs - [print] {data={id=2, email=janet.weaver@reqres.in, first_name=Janet, last_name=Weaver, avatar=https://s3.amazonaws.com/uifaces/faces/twitter/josephstein/128.jpg}, ad={company=StatusCode Weekly, url=http://statuscode.org/, text=A weekly newsletter focusing on software development, infrastructure, the server, performance, and the stack end of things.}}
16:04:07.067 [main] DEBUG com.intuit.karate.FileUtils - loaded file from: /Users/yosuvaarulanthu/eclipse-workspace/karate-example/target/test-classes/com/yosuva/apitest/response.json - response.json: java.io.FileInputStream@6642dc5a
16:04:23.348 [main] DEBUG c.i.karate.cucumber.CucumberRunner - init test class: class com.yosuva.apitest.TestRunner
16:04:23.482 [main] DEBUG c.i.karate.cucumber.CucumberRunner - loading feature: /Users/yosuvaarulanthu/eclipse-workspace/karate-example/target/test-classes/com/yosuva/apitest/test.feature
16:04:24.288 [main] INFO  com.intuit.karate.ScriptBridge - karate.env system property was: null 
16:04:25.040 [main] DEBUG com.intuit.karate.StepDefs - response time in milliseconds: 585
16:04:25.220 [main] INFO  com.intuit.karate.StepDefs - [print] {data={id=2, email=janet.weaver@reqres.in, first_name=Janet, last_name=Weaver, avatar=https://s3.amazonaws.com/uifaces/faces/twitter/josephstein/128.jpg}, ad={company=StatusCode Weekly, url=http://statuscode.org/, text=A weekly newsletter focusing on software development, infrastructure, the server, performance, and the stack end of things.}}
16:04:25.253 [main] DEBUG com.intuit.karate.FileUtils - loaded file from: /Users/yosuvaarulanthu/eclipse-workspace/karate-example/target/test-classes/com/yosuva/apitest/response.json - response.json: java.io.FileInputStream@6642dc5a
16:06:32.557 [main] DEBUG c.i.karate.cucumber.CucumberRunner - init test class: class com.yosuva.apitest.TestRunner
16:06:32.706 [main] DEBUG c.i.karate.cucumber.CucumberRunner - loading feature: /Users/yosuvaarulanthu/eclipse-workspace/karate-example/target/test-classes/com/yosuva/apitest/test.feature
16:06:33.586 [main] INFO  com.intuit.karate.ScriptBridge - karate.env system property was: null 
16:06:34.455 [main] DEBUG com.intuit.karate.StepDefs - response time in milliseconds: 632
16:06:34.599 [main] INFO  com.intuit.karate.StepDefs - [print] {data={id=2, email=janet.weaver@reqres.in, first_name=Janet, last_name=Weaver, avatar=https://s3.amazonaws.com/uifaces/faces/twitter/josephstein/128.jpg}, ad={company=StatusCode Weekly, url=http://statuscode.org/, text=A weekly newsletter focusing on software development, infrastructure, the server, performance, and the stack end of things.}}
16:07:22.990 [main] DEBUG c.i.karate.cucumber.CucumberRunner - init test class: class com.yosuva.apitest.TestRunner
16:07:23.109 [main] DEBUG c.i.karate.cucumber.CucumberRunner - loading feature: /Users/yosuvaarulanthu/eclipse-workspace/karate-example/target/test-classes/com/yosuva/apitest/test.feature
16:07:23.900 [main] INFO  com.intuit.karate.ScriptBridge - karate.env system property was: null 
16:07:23.967 [main] DEBUG com.intuit.karate.FileUtils - loaded file from: /Users/yosuvaarulanthu/eclipse-workspace/karate-example/target/test-classes/com/yosuva/apitest/response.json - response.json: java.io.FileInputStream@f9d87b
16:07:24.699 [main] DEBUG com.intuit.karate.StepDefs - response time in milliseconds: 581
16:07:24.756 [main] INFO  com.intuit.karate.StepDefs - [print] {data={id=2, email=janet.weaver@reqres.in, first_name=Janet, last_name=Weaver, avatar=https://s3.amazonaws.com/uifaces/faces/twitter/josephstein/128.jpg}, ad={company=StatusCode Weekly, url=http://statuscode.org/, text=A weekly newsletter focusing on software development, infrastructure, the server, performance, and the stack end of things.}}
16:07:45.645 [main] DEBUG c.i.karate.cucumber.CucumberRunner - init test class: class com.yosuva.apitest.TestRunner
16:07:45.819 [main] DEBUG c.i.karate.cucumber.CucumberRunner - loading feature: /Users/yosuvaarulanthu/eclipse-workspace/karate-example/target/test-classes/com/yosuva/apitest/test.feature
16:07:46.639 [main] INFO  com.intuit.karate.ScriptBridge - karate.env system property was: null 
16:07:46.690 [main] DEBUG com.intuit.karate.FileUtils - loaded file from: /Users/yosuvaarulanthu/eclipse-workspace/karate-example/target/test-classes/com/yosuva/apitest/response.json - response.json: java.io.FileInputStream@f9d87b
16:07:47.447 [main] DEBUG com.intuit.karate.StepDefs - response time in milliseconds: 602
16:07:47.499 [main] INFO  com.intuit.karate.StepDefs - [print] {data={id=2, email=janet.weaver@reqres.in, first_name=Janet, last_name=Weaver, avatar=https://s3.amazonaws.com/uifaces/faces/twitter/josephstein/128.jpg}, ad={company=StatusCode Weekly, url=http://statuscode.org/, text=A weekly newsletter focusing on software development, infrastructure, the server, performance, and the stack end of things.}}
16:13:58.255 [main] DEBUG c.i.karate.cucumber.CucumberRunner - init test class: class com.yosuva.apitest.TestRunner
16:13:58.436 [main] DEBUG c.i.karate.cucumber.CucumberRunner - loading feature: /Users/yosuvaarulanthu/eclipse-workspace/karate-example/target/test-classes/com/yosuva/apitest/test.feature
16:13:59.804 [main] INFO  com.intuit.karate.ScriptBridge - karate.env system property was: null 
16:13:59.932 [main] DEBUG com.intuit.karate.FileUtils - loaded file from: /Users/yosuvaarulanthu/eclipse-workspace/karate-example/target/test-classes/com/yosuva/apitest/response.json - response.json: java.io.FileInputStream@3e2943ab
16:14:01.105 [main] DEBUG com.intuit.karate.StepDefs - response time in milliseconds: 861
16:14:01.217 [main] INFO  com.intuit.karate.StepDefs - [print] {data={id=2, email=janet.weaver@reqres.in, first_name=Janet, last_name=Weaver, avatar=https://s3.amazonaws.com/uifaces/faces/twitter/josephstein/128.jpg}, ad={company=StatusCode Weekly, url=http://statuscode.org/, text=A weekly newsletter focusing on software development, infrastructure, the server, performance, and the stack end of things.}}
16:15:52.737 [main] DEBUG c.i.karate.cucumber.CucumberRunner - init test class: class com.yosuva.apitest.TestRunner
16:15:52.867 [main] DEBUG c.i.karate.cucumber.CucumberRunner - loading feature: /Users/yosuvaarulanthu/eclipse-workspace/karate-example/target/test-classes/com/yosuva/apitest/test.feature
16:15:53.642 [main] INFO  com.intuit.karate.ScriptBridge - karate.env system property was: null 
16:15:53.695 [main] DEBUG com.intuit.karate.FileUtils - loaded file from: /Users/yosuvaarulanthu/eclipse-workspace/karate-example/target/test-classes/com/yosuva/apitest/response.json - response.json: java.io.FileInputStream@3e2943ab
16:15:54.440 [main] DEBUG com.intuit.karate.StepDefs - response time in milliseconds: 585
16:15:54.478 [main] INFO  com.intuit.karate.StepDefs - [print] {data={id=2, email=janet.weaver@reqres.in, first_name=Janet, last_name=Weaver, avatar=https://s3.amazonaws.com/uifaces/faces/twitter/josephstein/128.jpg}, ad={company=StatusCode Weekly, url=http://statuscode.org/, text=A weekly newsletter focusing on software development, infrastructure, the server, performance, and the stack end of things.}}
16:16:57.709 [main] DEBUG c.i.karate.cucumber.CucumberRunner - init test class: class com.yosuva.apitest.TestRunner
16:16:57.848 [main] DEBUG c.i.karate.cucumber.CucumberRunner - loading feature: /Users/yosuvaarulanthu/eclipse-workspace/karate-example/target/test-classes/com/yosuva/apitest/test.feature
16:16:58.603 [main] INFO  com.intuit.karate.ScriptBridge - karate.env system property was: null 
16:16:58.656 [main] DEBUG com.intuit.karate.FileUtils - loaded file from: /Users/yosuvaarulanthu/eclipse-workspace/karate-example/target/test-classes/com/yosuva/apitest/response.json - response.json: java.io.FileInputStream@3e2943ab
16:16:59.449 [main] DEBUG com.intuit.karate.StepDefs - response time in milliseconds: 620
16:16:59.550 [main] INFO  com.intuit.karate.StepDefs - [print] {data={id=2, email=janet.weaver@reqres.in, first_name=Janet, last_name=Weaver, avatar=https://s3.amazonaws.com/uifaces/faces/twitter/josephstein/128.jpg}, ad={company=StatusCode Weekly, url=http://statuscode.org/, text=A weekly newsletter focusing on software development, infrastructure, the server, performance, and the stack end of things.}}
16:19:22.782 [main] DEBUG c.i.karate.cucumber.CucumberRunner - init test class: class com.yosuva.apitest.TestRunner
16:19:22.912 [main] DEBUG c.i.karate.cucumber.CucumberRunner - loading feature: /Users/yosuvaarulanthu/eclipse-workspace/karate-example/target/test-classes/com/yosuva/apitest/test.feature
16:19:23.959 [main] INFO  com.intuit.karate.ScriptBridge - karate.env system property was: null 
16:19:24.036 [main] DEBUG com.intuit.karate.FileUtils - loaded file from: /Users/yosuvaarulanthu/eclipse-workspace/karate-example/target/test-classes/com/yosuva/apitest/response.json - response.json: java.io.FileInputStream@3e2943ab
16:19:24.843 [main] DEBUG com.intuit.karate.StepDefs - response time in milliseconds: 646
16:19:24.929 [main] INFO  com.intuit.karate.StepDefs - [print] {data={id=2, email=janet.weaver@reqres.in, first_name=Janet, last_name=Weaver, avatar=https://s3.amazonaws.com/uifaces/faces/twitter/josephstein/128.jpg}, ad={company=StatusCode Weekly, url=http://statuscode.org/, text=A weekly newsletter focusing on software development, infrastructure, the server, performance, and the stack end of things.}}
16:20:25.767 [main] DEBUG c.i.karate.cucumber.CucumberRunner - init test class: class com.yosuva.apitest.TestRunner
16:20:25.918 [main] DEBUG c.i.karate.cucumber.CucumberRunner - loading feature: /Users/yosuvaarulanthu/eclipse-workspace/karate-example/target/test-classes/com/yosuva/apitest/test.feature
16:20:26.784 [main] INFO  com.intuit.karate.ScriptBridge - karate.env system property was: null 
16:20:26.852 [main] DEBUG com.intuit.karate.FileUtils - loaded file from: /Users/yosuvaarulanthu/eclipse-workspace/karate-example/target/test-classes/com/yosuva/apitest/response.json - response.json: java.io.FileInputStream@3e2943ab
16:20:27.641 [main] DEBUG com.intuit.karate.StepDefs - response time in milliseconds: 640
16:20:27.690 [main] INFO  com.intuit.karate.StepDefs - [print] {data={id=2, email=janet.weaver@reqres.in, first_name=Janet, last_name=Weaver, avatar=https://s3.amazonaws.com/uifaces/faces/twitter/josephstein/128.jpg}, ad={company=StatusCode Weekly, url=http://statuscode.org/, text=A weekly newsletter focusing on software development, infrastructure, the server, performance, and the stack end of things.}}
16:31:00.171 [main] DEBUG c.i.karate.cucumber.CucumberRunner - init test class: class com.yosuva.apitest.TestRunner
16:31:00.352 [main] DEBUG c.i.karate.cucumber.CucumberRunner - loading feature: /Users/yosuvaarulanthu/eclipse-workspace/karate-example/target/test-classes/com/yosuva/apitest/test.feature
16:31:01.203 [main] INFO  com.intuit.karate.ScriptBridge - karate.env system property was: null 
16:31:01.318 [main] DEBUG com.intuit.karate.FileUtils - loaded file from: /Users/yosuvaarulanthu/eclipse-workspace/karate-example/target/test-classes/com/yosuva/apitest/response.json - response.json: java.io.FileInputStream@3e2943ab
16:31:02.607 [main] DEBUG com.intuit.karate.StepDefs - response time in milliseconds: 1050
16:31:02.649 [main] INFO  com.intuit.karate.StepDefs - [print] {data={id=2, email=janet.weaver@reqres.in, first_name=Janet, last_name=Weaver, avatar=https://s3.amazonaws.com/uifaces/faces/twitter/josephstein/128.jpg}, ad={company=StatusCode Weekly, url=http://statuscode.org/, text=A weekly newsletter focusing on software development, infrastructure, the server, performance, and the stack end of things.}}
16:31:32.996 [main] DEBUG c.i.karate.cucumber.CucumberRunner - init test class: class com.yosuva.apitest.TestRunner
16:31:33.128 [main] DEBUG c.i.karate.cucumber.CucumberRunner - loading feature: /Users/yosuvaarulanthu/eclipse-workspace/karate-example/target/test-classes/com/yosuva/apitest/test.feature
16:31:33.943 [main] INFO  com.intuit.karate.ScriptBridge - karate.env system property was: null 
16:31:34.022 [main] DEBUG com.intuit.karate.FileUtils - loaded file from: /Users/yosuvaarulanthu/eclipse-workspace/karate-example/target/test-classes/com/yosuva/apitest/response.json - response.json: java.io.FileInputStream@3e2943ab
16:31:34.842 [main] DEBUG com.intuit.karate.StepDefs - response time in milliseconds: 633
16:31:34.912 [main] INFO  com.intuit.karate.StepDefs - [print] {data={id=2, email=janet.weaver@reqres.in, first_name=Janet, last_name=Weaver, avatar=https://s3.amazonaws.com/uifaces/faces/twitter/josephstein/128.jpg}, ad={company=StatusCode Weekly, url=http://statuscode.org/, text=A weekly newsletter focusing on software development, infrastructure, the server, performance, and the stack end of things.}}
16:31:34.989 [main] ERROR com.intuit.karate.StepDefs - FAILED, path: $.data.last_name, actual: Weaver, expected: null, reason: actual value is not null
16:33:05.734 [main] DEBUG c.i.karate.cucumber.CucumberRunner - init test class: class com.yosuva.apitest.TestRunner
16:33:05.888 [main] DEBUG c.i.karate.cucumber.CucumberRunner - loading feature: /Users/yosuvaarulanthu/eclipse-workspace/karate-example/target/test-classes/com/yosuva/apitest/test.feature
16:33:06.689 [main] INFO  com.intuit.karate.ScriptBridge - karate.env system property was: null 
16:33:06.785 [main] DEBUG com.intuit.karate.FileUtils - loaded file from: /Users/yosuvaarulanthu/eclipse-workspace/karate-example/target/test-classes/com/yosuva/apitest/response.json - response.json: java.io.FileInputStream@3e2943ab
16:33:07.979 [main] DEBUG com.intuit.karate.StepDefs - response time in milliseconds: 978
16:33:08.081 [main] INFO  com.intuit.karate.StepDefs - [print] {data={id=2, email=janet.weaver@reqres.in, first_name=Janet, last_name=Weaver, avatar=https://s3.amazonaws.com/uifaces/faces/twitter/josephstein/128.jpg}, ad={company=StatusCode Weekly, url=http://statuscode.org/, text=A weekly newsletter focusing on software development, infrastructure, the server, performance, and the stack end of things.}}
16:33:40.507 [main] DEBUG c.i.karate.cucumber.CucumberRunner - init test class: class com.yosuva.apitest.TestRunner
16:33:40.647 [main] DEBUG c.i.karate.cucumber.CucumberRunner - loading feature: /Users/yosuvaarulanthu/eclipse-workspace/karate-example/target/test-classes/com/yosuva/apitest/test.feature
16:33:41.445 [main] INFO  com.intuit.karate.ScriptBridge - karate.env system property was: null 
16:33:41.518 [main] DEBUG com.intuit.karate.FileUtils - loaded file from: /Users/yosuvaarulanthu/eclipse-workspace/karate-example/target/test-classes/com/yosuva/apitest/response.json - response.json: java.io.FileInputStream@3e2943ab
16:33:43.388 [main] DEBUG com.intuit.karate.StepDefs - response time in milliseconds: 1703
16:33:43.435 [main] INFO  com.intuit.karate.StepDefs - [print] {data={id=2, email=janet.weaver@reqres.in, first_name=Janet, last_name=Weaver, avatar=https://s3.amazonaws.com/uifaces/faces/twitter/josephstein/128.jpg}, ad={company=StatusCode Weekly, url=http://statuscode.org/, text=A weekly newsletter focusing on software development, infrastructure, the server, performance, and the stack end of things.}}
16:35:55.612 [main] DEBUG c.i.karate.cucumber.CucumberRunner - init test class: class com.yosuva.apitest.TestRunner
16:35:55.771 [main] DEBUG c.i.karate.cucumber.CucumberRunner - loading feature: /Users/yosuvaarulanthu/eclipse-workspace/karate-example/target/test-classes/com/yosuva/apitest/test.feature
16:35:56.608 [main] INFO  com.intuit.karate.ScriptBridge - karate.env system property was: null 
16:35:56.705 [main] DEBUG com.intuit.karate.FileUtils - loaded file from: /Users/yosuvaarulanthu/eclipse-workspace/karate-example/target/test-classes/com/yosuva/apitest/response.json - response.json: java.io.FileInputStream@26fb628
16:35:58.337 [main] DEBUG com.intuit.karate.StepDefs - response time in milliseconds: 1396
16:35:58.430 [main] INFO  com.intuit.karate.StepDefs - [print] {data={id=2, email=janet.weaver@reqres.in, first_name=Janet, last_name=Weaver, avatar=https://s3.amazonaws.com/uifaces/faces/twitter/josephstein/128.jpg}, ad={company=StatusCode Weekly, url=http://statuscode.org/, text=A weekly newsletter focusing on software development, infrastructure, the server, performance, and the stack end of things.}}
16:38:30.298 [main] DEBUG c.i.karate.cucumber.CucumberRunner - init test class: class com.yosuva.apitest.TestRunner
16:38:30.466 [main] DEBUG c.i.karate.cucumber.CucumberRunner - loading feature: /Users/yosuvaarulanthu/eclipse-workspace/karate-example/target/test-classes/com/yosuva/apitest/test.feature
16:38:31.368 [main] INFO  com.intuit.karate.ScriptBridge - karate.env system property was: null 
16:38:31.465 [main] DEBUG com.intuit.karate.FileUtils - loaded file from: /Users/yosuvaarulanthu/eclipse-workspace/karate-example/target/test-classes/com/yosuva/apitest/response.json - response.json: java.io.FileInputStream@6ffab045
16:38:32.645 [main] DEBUG com.intuit.karate.StepDefs - response time in milliseconds: 983
16:38:32.688 [main] INFO  com.intuit.karate.StepDefs - [print] {data={id=2, email=janet.weaver@reqres.in, first_name=Janet, last_name=Weaver, avatar=https://s3.amazonaws.com/uifaces/faces/twitter/josephstein/128.jpg}, ad={company=StatusCode Weekly, url=http://statuscode.org/, text=A weekly newsletter focusing on software development, infrastructure, the server, performance, and the stack end of things.}}
16:38:59.825 [main] DEBUG c.i.karate.cucumber.CucumberRunner - init test class: class com.yosuva.apitest.TestRunner
16:38:59.980 [main] DEBUG c.i.karate.cucumber.CucumberRunner - loading feature: /Users/yosuvaarulanthu/eclipse-workspace/karate-example/target/test-classes/com/yosuva/apitest/test.feature
16:39:00.914 [main] INFO  com.intuit.karate.ScriptBridge - karate.env system property was: null 
16:39:00.984 [main] DEBUG com.intuit.karate.FileUtils - loaded file from: /Users/yosuvaarulanthu/eclipse-workspace/karate-example/target/test-classes/com/yosuva/apitest/response.json - response.json: java.io.FileInputStream@6ffab045
16:39:01.797 [main] DEBUG com.intuit.karate.StepDefs - response time in milliseconds: 608
16:39:01.829 [main] INFO  com.intuit.karate.StepDefs - [print] {data={id=2, email=janet.weaver@reqres.in, first_name=Janet, last_name=Weaver, avatar=https://s3.amazonaws.com/uifaces/faces/twitter/josephstein/128.jpg}, ad={company=StatusCode Weekly, url=http://statuscode.org/, text=A weekly newsletter focusing on software development, infrastructure, the server, performance, and the stack end of things.}}
16:39:27.454 [main] DEBUG c.i.karate.cucumber.CucumberRunner - init test class: class com.yosuva.apitest.TestRunner
16:39:27.585 [main] DEBUG c.i.karate.cucumber.CucumberRunner - loading feature: /Users/yosuvaarulanthu/eclipse-workspace/karate-example/target/test-classes/com/yosuva/apitest/test.feature
16:39:28.462 [main] INFO  com.intuit.karate.ScriptBridge - karate.env system property was: null 
16:39:28.531 [main] DEBUG com.intuit.karate.FileUtils - loaded file from: /Users/yosuvaarulanthu/eclipse-workspace/karate-example/target/test-classes/com/yosuva/apitest/response.json - response.json: java.io.FileInputStream@6ffab045
16:39:29.885 [main] DEBUG com.intuit.karate.StepDefs - response time in milliseconds: 1181
16:39:29.954 [main] INFO  com.intuit.karate.StepDefs - [print] {data={id=2, email=janet.weaver@reqres.in, first_name=Janet, last_name=Weaver, avatar=https://s3.amazonaws.com/uifaces/faces/twitter/josephstein/128.jpg}, ad={company=StatusCode Weekly, url=http://statuscode.org/, text=A weekly newsletter focusing on software development, infrastructure, the server, performance, and the stack end of things.}}
16:39:30.047 [main] ERROR com.intuit.karate.StepDefs - FAILED, path: $.data.last_name, actual: Weaver, expected: null, reason: actual value is not null
16:40:20.166 [main] DEBUG c.i.karate.cucumber.CucumberRunner - init test class: class com.yosuva.apitest.TestRunner
16:40:20.303 [main] DEBUG c.i.karate.cucumber.CucumberRunner - loading feature: /Users/yosuvaarulanthu/eclipse-workspace/karate-example/target/test-classes/com/yosuva/apitest/test.feature
16:40:21.066 [main] INFO  com.intuit.karate.ScriptBridge - karate.env system property was: null 
16:40:21.122 [main] DEBUG com.intuit.karate.FileUtils - loaded file from: /Users/yosuvaarulanthu/eclipse-workspace/karate-example/target/test-classes/com/yosuva/apitest/response.json - response.json: java.io.FileInputStream@6ffab045
16:40:21.904 [main] DEBUG com.intuit.karate.StepDefs - response time in milliseconds: 615
16:40:21.967 [main] INFO  com.intuit.karate.StepDefs - [print] {data={id=2, email=janet.weaver@reqres.in, first_name=Janet, last_name=Weaver, avatar=https://s3.amazonaws.com/uifaces/faces/twitter/josephstein/128.jpg}, ad={company=StatusCode Weekly, url=http://statuscode.org/, text=A weekly newsletter focusing on software development, infrastructure, the server, performance, and the stack end of things.}}
16:40:40.331 [main] DEBUG c.i.karate.cucumber.CucumberRunner - init test class: class com.yosuva.apitest.TestRunner
16:40:40.465 [main] DEBUG c.i.karate.cucumber.CucumberRunner - loading feature: /Users/yosuvaarulanthu/eclipse-workspace/karate-example/target/test-classes/com/yosuva/apitest/test.feature
16:40:41.259 [main] INFO  com.intuit.karate.ScriptBridge - karate.env system property was: null 
16:40:41.317 [main] DEBUG com.intuit.karate.FileUtils - loaded file from: /Users/yosuvaarulanthu/eclipse-workspace/karate-example/target/test-classes/com/yosuva/apitest/response.json - response.json: java.io.FileInputStream@6ffab045
16:40:43.275 [main] DEBUG com.intuit.karate.StepDefs - response time in milliseconds: 1786
16:40:43.356 [main] INFO  com.intuit.karate.StepDefs - [print] {data={id=2, email=janet.weaver@reqres.in, first_name=Janet, last_name=Weaver, avatar=https://s3.amazonaws.com/uifaces/faces/twitter/josephstein/128.jpg}, ad={company=StatusCode Weekly, url=http://statuscode.org/, text=A weekly newsletter focusing on software development, infrastructure, the server, performance, and the stack end of things.}}
16:43:07.809 [main] DEBUG c.i.karate.cucumber.CucumberRunner - init test class: class com.yosuva.apitest.TestRunner
16:43:07.965 [main] DEBUG c.i.karate.cucumber.CucumberRunner - loading feature: /Users/yosuvaarulanthu/eclipse-workspace/karate-example/target/test-classes/com/yosuva/apitest/test.feature
16:43:08.798 [main] INFO  com.intuit.karate.ScriptBridge - karate.env system property was: null 
16:43:08.895 [main] DEBUG com.intuit.karate.FileUtils - loaded file from: /Users/yosuvaarulanthu/eclipse-workspace/karate-example/target/test-classes/com/yosuva/apitest/response.json - response.json: java.io.FileInputStream@6ffab045
16:43:09.761 [main] DEBUG com.intuit.karate.StepDefs - response time in milliseconds: 647
16:43:09.806 [main] INFO  com.intuit.karate.StepDefs - [print] {data={id=2, email=janet.weaver@reqres.in, first_name=Janet, last_name=Weaver, avatar=https://s3.amazonaws.com/uifaces/faces/twitter/josephstein/128.jpg}, ad={company=StatusCode Weekly, url=http://statuscode.org/, text=A weekly newsletter focusing on software development, infrastructure, the server, performance, and the stack end of things.}}
16:44:53.744 [main] DEBUG c.i.karate.cucumber.CucumberRunner - init test class: class com.yosuva.apitest.TestRunner
16:44:53.894 [main] DEBUG c.i.karate.cucumber.CucumberRunner - loading feature: /Users/yosuvaarulanthu/eclipse-workspace/karate-example/target/test-classes/com/yosuva/apitest/test.feature
16:44:54.717 [main] INFO  com.intuit.karate.ScriptBridge - karate.env system property was: null 
16:44:54.817 [main] DEBUG com.intuit.karate.FileUtils - loaded file from: /Users/yosuvaarulanthu/eclipse-workspace/karate-example/target/test-classes/com/yosuva/apitest/response.json - response.json: java.io.FileInputStream@3e2943ab
16:44:56.726 [main] DEBUG com.intuit.karate.StepDefs - response time in milliseconds: 1677
16:44:56.796 [main] INFO  com.intuit.karate.StepDefs - [print] {data={id=2, email=janet.weaver@reqres.in, first_name=Janet, last_name=Weaver, avatar=https://s3.amazonaws.com/uifaces/faces/twitter/josephstein/128.jpg}, ad={company=StatusCode Weekly, url=http://statuscode.org/, text=A weekly newsletter focusing on software development, infrastructure, the server, performance, and the stack end of things.}}
16:45:33.193 [main] DEBUG c.i.karate.cucumber.CucumberRunner - init test class: class com.yosuva.apitest.TestRunner
16:45:33.328 [main] DEBUG c.i.karate.cucumber.CucumberRunner - loading feature: /Users/yosuvaarulanthu/eclipse-workspace/karate-example/target/test-classes/com/yosuva/apitest/test.feature
16:45:34.117 [main] INFO  com.intuit.karate.ScriptBridge - karate.env system property was: null 
16:45:34.187 [main] DEBUG com.intuit.karate.FileUtils - loaded file from: /Users/yosuvaarulanthu/eclipse-workspace/karate-example/target/test-classes/com/yosuva/apitest/response.json - response.json: java.io.FileInputStream@3e2943ab
16:45:35.413 [main] DEBUG com.intuit.karate.StepDefs - response time in milliseconds: 1045
16:45:35.468 [main] INFO  com.intuit.karate.StepDefs - [print] {data={id=2, email=janet.weaver@reqres.in, first_name=Janet, last_name=Weaver, avatar=https://s3.amazonaws.com/uifaces/faces/twitter/josephstein/128.jpg}, ad={company=StatusCode Weekly, url=http://statuscode.org/, text=A weekly newsletter focusing on software development, infrastructure, the server, performance, and the stack end of things.}}
16:47:27.534 [main] DEBUG c.i.karate.cucumber.CucumberRunner - init test class: class com.yosuva.apitest.TestRunner
16:47:27.680 [main] DEBUG c.i.karate.cucumber.CucumberRunner - loading feature: /Users/yosuvaarulanthu/eclipse-workspace/karate-example/target/test-classes/com/yosuva/apitest/test.feature
16:47:28.513 [main] INFO  com.intuit.karate.ScriptBridge - karate.env system property was: null 
16:47:28.608 [main] DEBUG com.intuit.karate.FileUtils - loaded file from: /Users/yosuvaarulanthu/eclipse-workspace/karate-example/target/test-classes/com/yosuva/apitest/response.json - response.json: java.io.FileInputStream@26fb628
16:47:29.494 [main] DEBUG com.intuit.karate.StepDefs - response time in milliseconds: 682
16:47:29.553 [main] INFO  com.intuit.karate.StepDefs - [print] {data={id=2, email=janet.weaver@reqres.in, first_name=Janet, last_name=Weaver, avatar=https://s3.amazonaws.com/uifaces/faces/twitter/josephstein/128.jpg}, ad={company=StatusCode Weekly, url=http://statuscode.org/, text=A weekly newsletter focusing on software development, infrastructure, the server, performance, and the stack end of things.}}
16:48:06.339 [main] DEBUG c.i.karate.cucumber.CucumberRunner - init test class: class com.yosuva.apitest.TestRunner
16:48:06.467 [main] DEBUG c.i.karate.cucumber.CucumberRunner - loading feature: /Users/yosuvaarulanthu/eclipse-workspace/karate-example/target/test-classes/com/yosuva/apitest/test.feature
16:48:07.436 [main] INFO  com.intuit.karate.ScriptBridge - karate.env system property was: null 
16:48:07.513 [main] DEBUG com.intuit.karate.FileUtils - loaded file from: /Users/yosuvaarulanthu/eclipse-workspace/karate-example/target/test-classes/com/yosuva/apitest/response.json - response.json: java.io.FileInputStream@26fb628
16:48:08.792 [main] DEBUG com.intuit.karate.StepDefs - response time in milliseconds: 1089
16:48:08.833 [main] INFO  com.intuit.karate.StepDefs - [print] {data={id=2, email=janet.weaver@reqres.in, first_name=Janet, last_name=Weaver, avatar=https://s3.amazonaws.com/uifaces/faces/twitter/josephstein/128.jpg}, ad={company=StatusCode Weekly, url=http://statuscode.org/, text=A weekly newsletter focusing on software development, infrastructure, the server, performance, and the stack end of things.}}
16:49:08.159 [main] DEBUG c.i.karate.cucumber.CucumberRunner - init test class: class com.yosuva.apitest.TestRunner
16:49:08.313 [main] DEBUG c.i.karate.cucumber.CucumberRunner - loading feature: /Users/yosuvaarulanthu/eclipse-workspace/karate-example/target/test-classes/com/yosuva/apitest/test.feature
16:49:09.178 [main] INFO  com.intuit.karate.ScriptBridge - karate.env system property was: null 
16:49:09.263 [main] DEBUG com.intuit.karate.FileUtils - loaded file from: /Users/yosuvaarulanthu/eclipse-workspace/karate-example/target/test-classes/com/yosuva/apitest/response.json - response.json: java.io.FileInputStream@26fb628
16:49:10.010 [main] DEBUG com.intuit.karate.StepDefs - response time in milliseconds: 593
16:49:10.054 [main] INFO  com.intuit.karate.StepDefs - [print] {data={id=2, email=janet.weaver@reqres.in, first_name=Janet, last_name=Weaver, avatar=https://s3.amazonaws.com/uifaces/faces/twitter/josephstein/128.jpg}, ad={company=StatusCode Weekly, url=http://statuscode.org/, text=A weekly newsletter focusing on software development, infrastructure, the server, performance, and the stack end of things.}}
16:49:34.205 [main] DEBUG c.i.karate.cucumber.CucumberRunner - init test class: class com.yosuva.apitest.TestRunner
16:49:34.338 [main] DEBUG c.i.karate.cucumber.CucumberRunner - loading feature: /Users/yosuvaarulanthu/eclipse-workspace/karate-example/target/test-classes/com/yosuva/apitest/test.feature
16:49:35.094 [main] INFO  com.intuit.karate.ScriptBridge - karate.env system property was: null 
16:49:35.155 [main] DEBUG com.intuit.karate.FileUtils - loaded file from: /Users/yosuvaarulanthu/eclipse-workspace/karate-example/target/test-classes/com/yosuva/apitest/response.json - response.json: java.io.FileInputStream@26fb628
16:49:40.431 [main] DEBUG com.intuit.karate.StepDefs - response time in milliseconds: 5104
16:49:40.481 [main] INFO  com.intuit.karate.StepDefs - [print] {data={id=2, email=janet.weaver@reqres.in, first_name=Janet, last_name=Weaver, avatar=https://s3.amazonaws.com/uifaces/faces/twitter/josephstein/128.jpg}, ad={company=StatusCode Weekly, url=http://statuscode.org/, text=A weekly newsletter focusing on software development, infrastructure, the server, performance, and the stack end of things.}}
16:50:42.076 [main] DEBUG c.i.karate.cucumber.CucumberRunner - init test class: class com.yosuva.apitest.TestRunner
16:50:42.210 [main] DEBUG c.i.karate.cucumber.CucumberRunner - loading feature: /Users/yosuvaarulanthu/eclipse-workspace/karate-example/target/test-classes/com/yosuva/apitest/test.feature
16:50:43.025 [main] INFO  com.intuit.karate.ScriptBridge - karate.env system property was: null 
16:50:43.091 [main] DEBUG com.intuit.karate.FileUtils - loaded file from: /Users/yosuvaarulanthu/eclipse-workspace/karate-example/target/test-classes/com/yosuva/apitest/response.json - response.json: java.io.FileInputStream@26fb628
16:50:43.888 [main] DEBUG com.intuit.karate.StepDefs - response time in milliseconds: 635
16:50:43.960 [main] INFO  com.intuit.karate.StepDefs - [print] {data={id=2, email=janet.weaver@reqres.in, first_name=Janet, last_name=Weaver, avatar=https://s3.amazonaws.com/uifaces/faces/twitter/josephstein/128.jpg}, ad={company=StatusCode Weekly, url=http://statuscode.org/, text=A weekly newsletter focusing on software development, infrastructure, the server, performance, and the stack end of things.}}
16:51:06.407 [main] DEBUG c.i.karate.cucumber.CucumberRunner - init test class: class com.yosuva.apitest.TestRunner
16:51:06.534 [main] DEBUG c.i.karate.cucumber.CucumberRunner - loading feature: /Users/yosuvaarulanthu/eclipse-workspace/karate-example/target/test-classes/com/yosuva/apitest/test.feature
16:51:07.319 [main] INFO  com.intuit.karate.ScriptBridge - karate.env system property was: null 
16:51:07.373 [main] DEBUG com.intuit.karate.FileUtils - loaded file from: /Users/yosuvaarulanthu/eclipse-workspace/karate-example/target/test-classes/com/yosuva/apitest/response.json - response.json: java.io.FileInputStream@26fb628
16:51:08.114 [main] DEBUG com.intuit.karate.StepDefs - response time in milliseconds: 592
16:51:08.150 [main] INFO  com.intuit.karate.StepDefs - [print] {data={id=2, email=janet.weaver@reqres.in, first_name=Janet, last_name=Weaver, avatar=https://s3.amazonaws.com/uifaces/faces/twitter/josephstein/128.jpg}, ad={company=StatusCode Weekly, url=http://statuscode.org/, text=A weekly newsletter focusing on software development, infrastructure, the server, performance, and the stack end of things.}}
16:53:28.765 [main] DEBUG c.i.karate.cucumber.CucumberRunner - init test class: class com.yosuva.apitest.TestRunner
16:53:28.935 [main] DEBUG c.i.karate.cucumber.CucumberRunner - loading feature: /Users/yosuvaarulanthu/eclipse-workspace/karate-example/target/test-classes/com/yosuva/apitest/test.feature
16:53:29.731 [main] INFO  com.intuit.karate.ScriptBridge - karate.env system property was: null 
16:53:29.837 [main] DEBUG com.intuit.karate.FileUtils - loaded file from: /Users/yosuvaarulanthu/eclipse-workspace/karate-example/target/test-classes/com/yosuva/apitest/response.json - response.json: java.io.FileInputStream@26fb628
16:53:30.754 [main] DEBUG com.intuit.karate.StepDefs - response time in milliseconds: 690
16:53:30.810 [main] INFO  com.intuit.karate.StepDefs - [print] {data={id=2, email=janet.weaver@reqres.in, first_name=Janet, last_name=Weaver, avatar=https://s3.amazonaws.com/uifaces/faces/twitter/josephstein/128.jpg}, ad={company=StatusCode Weekly, url=http://statuscode.org/, text=A weekly newsletter focusing on software development, infrastructure, the server, performance, and the stack end of things.}}
16:54:10.281 [main] DEBUG c.i.karate.cucumber.CucumberRunner - init test class: class com.yosuva.apitest.TestRunner
16:54:10.422 [main] DEBUG c.i.karate.cucumber.CucumberRunner - loading feature: /Users/yosuvaarulanthu/eclipse-workspace/karate-example/target/test-classes/com/yosuva/apitest/test.feature
16:54:11.215 [main] INFO  com.intuit.karate.ScriptBridge - karate.env system property was: null 
16:54:11.268 [main] DEBUG com.intuit.karate.FileUtils - loaded file from: /Users/yosuvaarulanthu/eclipse-workspace/karate-example/target/test-classes/com/yosuva/apitest/response.json - response.json: java.io.FileInputStream@26fb628
16:54:12.066 [main] DEBUG com.intuit.karate.StepDefs - response time in milliseconds: 630
16:54:12.120 [main] INFO  com.intuit.karate.StepDefs - [print] {data={id=2, email=janet.weaver@reqres.in, first_name=Janet, last_name=Weaver, avatar=https://s3.amazonaws.com/uifaces/faces/twitter/josephstein/128.jpg}, ad={company=StatusCode Weekly, url=http://statuscode.org/, text=A weekly newsletter focusing on software development, infrastructure, the server, performance, and the stack end of things.}}
17:06:21.467 [main] INFO  com.intuit.karate - karate.env system property was:  
17:06:21.790 [main] DEBUG com.intuit.karate - request:
1 > GET https://reqres.in/api/users/2
1 > Accept-Encoding: gzip,deflate
1 > Connection: Keep-Alive
1 > Host: reqres.in
1 > User-Agent: Apache-HttpClient/4.5.11 (Java/13)

17:06:22.443 [main] DEBUG com.intuit.karate - response time in milliseconds: 649.02
1 < 200
1 < Access-Control-Allow-Origin: *
1 < Age: 1670
1 < CF-Cache-Status: HIT
1 < CF-RAY: 5c3c670cc9bc0732-LHR
1 < Cache-Control: max-age=14400
1 < Connection: keep-alive
1 < Content-Type: application/json; charset=utf-8
1 < Date: Sun, 16 Aug 2020 16:06:26 GMT
1 < Etag: W/"173-1Z8bn0V7UjH6FK7NCaza1ccWXQk"
1 < Expect-CT: max-age=604800, report-uri="https://report-uri.cloudflare.com/cdn-cgi/beacon/expect-ct"
1 < Server: cloudflare
1 < Set-Cookie: __cfduid=dc204a70ebdc839d0ae1fe68df3160c081597593986; expires=Tue, 15-Sep-20 16:06:26 GMT; path=/; domain=.reqres.in; HttpOnly; SameSite=Lax; Secure
1 < Transfer-Encoding: chunked
1 < Vary: Accept-Encoding
1 < Via: 1.1 vegur
1 < X-Powered-By: Express
1 < cf-request-id: 04999ebbfb00000732a214c200000001
{"data":{"id":2,"email":"janet.weaver@reqres.in","first_name":"Janet","last_name":"Weaver","avatar":"https://s3.amazonaws.com/uifaces/faces/twitter/josephstein/128.jpg"},"ad":{"company":"StatusCode Weekly","url":"http://statuscode.org/","text":"A weekly newsletter focusing on software development, infrastructure, the server, performance, and the stack end of things."}}

17:06:22.447 [main] INFO  com.intuit.karate - [print] {
  "ad": {
    "company": "StatusCode Weekly",
    "text": "A weekly newsletter focusing on software development, infrastructure, the server, performance, and the stack end of things.",
    "url": "http://statuscode.org/"
  },
  "data": {
    "last_name": "Weaver",
    "id": 2,
    "avatar": "https://s3.amazonaws.com/uifaces/faces/twitter/josephstein/128.jpg",
    "first_name": "Janet",
    "email": "janet.weaver@reqres.in"
  }
}

17:07:06.617 [main] INFO  com.intuit.karate - karate.env system property was:  
17:07:06.941 [main] DEBUG com.intuit.karate - request:
1 > GET https://reqres.in/api/users/2
1 > Accept-Encoding: gzip,deflate
1 > Connection: Keep-Alive
1 > Host: reqres.in
1 > User-Agent: Apache-HttpClient/4.5.11 (Java/13)

17:07:07.234 [main] DEBUG com.intuit.karate - response time in milliseconds: 289.69
1 < 200
1 < Access-Control-Allow-Origin: *
1 < Age: 1714
1 < CF-Cache-Status: HIT
1 < CF-RAY: 5c3c6824fed2ce17-LHR
1 < Cache-Control: max-age=14400
1 < Connection: keep-alive
1 < Content-Type: application/json; charset=utf-8
1 < Date: Sun, 16 Aug 2020 16:07:10 GMT
1 < Etag: W/"173-1Z8bn0V7UjH6FK7NCaza1ccWXQk"
1 < Expect-CT: max-age=604800, report-uri="https://report-uri.cloudflare.com/cdn-cgi/beacon/expect-ct"
1 < Server: cloudflare
1 < Set-Cookie: __cfduid=d8a4725207ed6f3b184ec0da1420c2c441597594030; expires=Tue, 15-Sep-20 16:07:10 GMT; path=/; domain=.reqres.in; HttpOnly; SameSite=Lax; Secure
1 < Transfer-Encoding: chunked
1 < Vary: Accept-Encoding
1 < Via: 1.1 vegur
1 < X-Powered-By: Express
1 < cf-request-id: 04999f6b1b0000ce170229c200000001
{"data":{"id":2,"email":"janet.weaver@reqres.in","first_name":"Janet","last_name":"Weaver","avatar":"https://s3.amazonaws.com/uifaces/faces/twitter/josephstein/128.jpg"},"ad":{"company":"StatusCode Weekly","url":"http://statuscode.org/","text":"A weekly newsletter focusing on software development, infrastructure, the server, performance, and the stack end of things."}}

17:07:07.237 [main] INFO  com.intuit.karate - [print] {
  "ad": {
    "company": "StatusCode Weekly",
    "text": "A weekly newsletter focusing on software development, infrastructure, the server, performance, and the stack end of things.",
    "url": "http://statuscode.org/"
  },
  "data": {
    "last_name": "Weaver",
    "id": 2,
    "avatar": "https://s3.amazonaws.com/uifaces/faces/twitter/josephstein/128.jpg",
    "first_name": "Janet",
    "email": "janet.weaver@reqres.in"
  }
}

17:10:10.873 [main] INFO  com.intuit.karate - karate.env system property was:  
17:10:11.191 [main] DEBUG com.intuit.karate - request:
1 > GET https://jsonplaceholder.typicode.com/users
1 > Accept-Encoding: gzip,deflate
1 > Connection: Keep-Alive
1 > Host: jsonplaceholder.typicode.com
1 > User-Agent: Apache-HttpClient/4.5.11 (Java/13)

17:10:11.497 [main] DEBUG com.intuit.karate - response time in milliseconds: 300.17
1 < 200
1 < Access-Control-Allow-Credentials: true
1 < Age: 27829
1 < CF-Cache-Status: HIT
1 < CF-RAY: 5c3c6ca48f730686-LHR
1 < Cache-Control: max-age=43200
1 < Connection: keep-alive
1 < Content-Type: application/json; charset=utf-8
1 < Date: Sun, 16 Aug 2020 16:10:15 GMT
1 < Etag: W/"160d-1eMSsxeJRfnVLRBmYJSbCiJZ1qQ"
1 < Expect-CT: max-age=604800, report-uri="https://report-uri.cloudflare.com/cdn-cgi/beacon/expect-ct"
1 < Expires: -1
1 < Pragma: no-cache
1 < Server: cloudflare
1 < Set-Cookie: __cfduid=d4f4a9d814140981fc11d3a99d58d92b41597594215; expires=Tue, 15-Sep-20 16:10:15 GMT; path=/; domain=.typicode.com; HttpOnly; SameSite=Lax
1 < Transfer-Encoding: chunked
1 < Vary: Origin, Accept-Encoding
1 < Via: 1.1 vegur
1 < X-Content-Type-Options: nosniff
1 < X-Powered-By: Express
1 < X-Ratelimit-Limit: 10
1 < X-Ratelimit-Remaining: 9
1 < X-Ratelimit-Reset: 1593853735
1 < cf-request-id: 0499a23ad700000686221c9200000001
[
  {
    "id": 1,
    "name": "Leanne Graham",
    "username": "Bret",
    "email": "Sincere@april.biz",
    "address": {
      "street": "Kulas Light",
      "suite": "Apt. 556",
      "city": "Gwenborough",
      "zipcode": "92998-3874",
      "geo": {
        "lat": "-37.3159",
        "lng": "81.1496"
      }
    },
    "phone": "1-770-736-8031 x56442",
    "website": "hildegard.org",
    "company": {
      "name": "Romaguera-Crona",
      "catchPhrase": "Multi-layered client-server neural-net",
      "bs": "harness real-time e-markets"
    }
  },
  {
    "id": 2,
    "name": "Ervin Howell",
    "username": "Antonette",
    "email": "Shanna@melissa.tv",
    "address": {
      "street": "Victor Plains",
      "suite": "Suite 879",
      "city": "Wisokyburgh",
      "zipcode": "90566-7771",
      "geo": {
        "lat": "-43.9509",
        "lng": "-34.4618"
      }
    },
    "phone": "010-692-6593 x09125",
    "website": "anastasia.net",
    "company": {
      "name": "Deckow-Crist",
      "catchPhrase": "Proactive didactic contingency",
      "bs": "synergize scalable supply-chains"
    }
  },
  {
    "id": 3,
    "name": "Clementine Bauch",
    "username": "Samantha",
    "email": "Nathan@yesenia.net",
    "address": {
      "street": "Douglas Extension",
      "suite": "Suite 847",
      "city": "McKenziehaven",
      "zipcode": "59590-4157",
      "geo": {
        "lat": "-68.6102",
        "lng": "-47.0653"
      }
    },
    "phone": "1-463-123-4447",
    "website": "ramiro.info",
    "company": {
      "name": "Romaguera-Jacobson",
      "catchPhrase": "Face to face bifurcated interface",
      "bs": "e-enable strategic applications"
    }
  },
  {
    "id": 4,
    "name": "Patricia Lebsack",
    "username": "Karianne",
    "email": "Julianne.OConner@kory.org",
    "address": {
      "street": "Hoeger Mall",
      "suite": "Apt. 692",
      "city": "South Elvis",
      "zipcode": "53919-4257",
      "geo": {
        "lat": "29.4572",
        "lng": "-164.2990"
      }
    },
    "phone": "493-170-9623 x156",
    "website": "kale.biz",
    "company": {
      "name": "Robel-Corkery",
      "catchPhrase": "Multi-tiered zero tolerance productivity",
      "bs": "transition cutting-edge web services"
    }
  },
  {
    "id": 5,
    "name": "Chelsey Dietrich",
    "username": "Kamren",
    "email": "Lucio_Hettinger@annie.ca",
    "address": {
      "street": "Skiles Walks",
      "suite": "Suite 351",
      "city": "Roscoeview",
      "zipcode": "33263",
      "geo": {
        "lat": "-31.8129",
        "lng": "62.5342"
      }
    },
    "phone": "(254)954-1289",
    "website": "demarco.info",
    "company": {
      "name": "Keebler LLC",
      "catchPhrase": "User-centric fault-tolerant solution",
      "bs": "revolutionize end-to-end systems"
    }
  },
  {
    "id": 6,
    "name": "Mrs. Dennis Schulist",
    "username": "Leopoldo_Corkery",
    "email": "Karley_Dach@jasper.info",
    "address": {
      "street": "Norberto Crossing",
      "suite": "Apt. 950",
      "city": "South Christy",
      "zipcode": "23505-1337",
      "geo": {
        "lat": "-71.4197",
        "lng": "71.7478"
      }
    },
    "phone": "1-477-935-8478 x6430",
    "website": "ola.org",
    "company": {
      "name": "Considine-Lockman",
      "catchPhrase": "Synchronised bottom-line interface",
      "bs": "e-enable innovative applications"
    }
  },
  {
    "id": 7,
    "name": "Kurtis Weissnat",
    "username": "Elwyn.Skiles",
    "email": "Telly.Hoeger@billy.biz",
    "address": {
      "street": "Rex Trail",
      "suite": "Suite 280",
      "city": "Howemouth",
      "zipcode": "58804-1099",
      "geo": {
        "lat": "24.8918",
        "lng": "21.8984"
      }
    },
    "phone": "210.067.6132",
    "website": "elvis.io",
    "company": {
      "name": "Johns Group",
      "catchPhrase": "Configurable multimedia task-force",
      "bs": "generate enterprise e-tailers"
    }
  },
  {
    "id": 8,
    "name": "Nicholas Runolfsdottir V",
    "username": "Maxime_Nienow",
    "email": "Sherwood@rosamond.me",
    "address": {
      "street": "Ellsworth Summit",
      "suite": "Suite 729",
      "city": "Aliyaview",
      "zipcode": "45169",
      "geo": {
        "lat": "-14.3990",
        "lng": "-120.7677"
      }
    },
    "phone": "586.493.6943 x140",
    "website": "jacynthe.com",
    "company": {
      "name": "Abernathy Group",
      "catchPhrase": "Implemented secondary concept",
      "bs": "e-enable extensible e-tailers"
    }
  },
  {
    "id": 9,
    "name": "Glenna Reichert",
    "username": "Delphine",
    "email": "Chaim_McDermott@dana.io",
    "address": {
      "street": "Dayna Park",
      "suite": "Suite 449",
      "city": "Bartholomebury",
      "zipcode": "76495-3109",
      "geo": {
        "lat": "24.6463",
        "lng": "-168.8889"
      }
    },
    "phone": "(775)976-6794 x41206",
    "website": "conrad.com",
    "company": {
      "name": "Yost and Sons",
      "catchPhrase": "Switchable contextually-based project",
      "bs": "aggregate real-time technologies"
    }
  },
  {
    "id": 10,
    "name": "Clementina DuBuque",
    "username": "Moriah.Stanton",
    "email": "Rey.Padberg@karina.biz",
    "address": {
      "street": "Kattie Turnpike",
      "suite": "Suite 198",
      "city": "Lebsackbury",
      "zipcode": "31428-2261",
      "geo": {
        "lat": "-38.2386",
        "lng": "57.2232"
      }
    },
    "phone": "024-648-3804",
    "website": "ambrose.net",
    "company": {
      "name": "Hoeger LLC",
      "catchPhrase": "Centralized empowering task-force",
      "bs": "target end-to-end models"
    }
  }
]

17:10:11.547 [main] DEBUG com.intuit.karate - request:
2 > GET https://jsonplaceholder.typicode.com/users/1
2 > Accept-Encoding: gzip,deflate
2 > Connection: Keep-Alive
2 > Cookie: __cfduid=d4f4a9d814140981fc11d3a99d58d92b41597594215
2 > Host: jsonplaceholder.typicode.com
2 > User-Agent: Apache-HttpClient/4.5.11 (Java/13)

17:10:11.660 [main] DEBUG com.intuit.karate - response time in milliseconds: 112.06
2 < 200
2 < Access-Control-Allow-Credentials: true
2 < Age: 25801
2 < CF-Cache-Status: HIT
2 < CF-RAY: 5c3c6ca5be0bbbf4-LHR
2 < Cache-Control: max-age=43200
2 < Connection: keep-alive
2 < Content-Type: application/json; charset=utf-8
2 < Date: Sun, 16 Aug 2020 16:10:15 GMT
2 < Etag: W/"1fd-+2Y3G3w049iSZtw5t1mzSnunngE"
2 < Expect-CT: max-age=604800, report-uri="https://report-uri.cloudflare.com/cdn-cgi/beacon/expect-ct"
2 < Expires: -1
2 < Pragma: no-cache
2 < Server: cloudflare
2 < Transfer-Encoding: chunked
2 < Vary: Origin, Accept-Encoding
2 < Via: 1.1 vegur
2 < X-Content-Type-Options: nosniff
2 < X-Powered-By: Express
2 < X-Ratelimit-Limit: 10
2 < X-Ratelimit-Remaining: 9
2 < X-Ratelimit-Reset: 1593854525
2 < cf-request-id: 0499a23b940000bbf4388c6200000001
{
  "id": 1,
  "name": "Leanne Graham",
  "username": "Bret",
  "email": "Sincere@april.biz",
  "address": {
    "street": "Kulas Light",
    "suite": "Apt. 556",
    "city": "Gwenborough",
    "zipcode": "92998-3874",
    "geo": {
      "lat": "-37.3159",
      "lng": "81.1496"
    }
  },
  "phone": "1-770-736-8031 x56442",
  "website": "hildegard.org",
  "company": {
    "name": "Romaguera-Crona",
    "catchPhrase": "Multi-layered client-server neural-net",
    "bs": "harness real-time e-markets"
  }
}

17:10:11.688 [main] INFO  com.intuit.karate - karate.env system property was:  
17:10:11.707 [main] DEBUG com.intuit.karate - request:
1 > POST https://jsonplaceholder.typicode.com/users
1 > Accept-Encoding: gzip,deflate
1 > Connection: Keep-Alive
1 > Content-Length: 160
1 > Content-Type: application/json; charset=UTF-8
1 > Host: jsonplaceholder.typicode.com
1 > User-Agent: Apache-HttpClient/4.5.11 (Java/13)
{"name":"Test User","username":"testuser","email":"test@user.com","address":{"street":"Has No Name","suite":"Apt. 123","city":"Electri","zipcode":"54321-6789"}}

17:10:12.098 [main] DEBUG com.intuit.karate - response time in milliseconds: 390.63
1 < 201
1 < Access-Control-Allow-Credentials: true
1 < Access-Control-Expose-Headers: Location
1 < CF-Cache-Status: DYNAMIC
1 < CF-RAY: 5c3c6ca6ade1e634-LHR
1 < Cache-Control: no-cache
1 < Connection: keep-alive
1 < Content-Length: 216
1 < Content-Type: application/json; charset=utf-8
1 < Date: Sun, 16 Aug 2020 16:10:15 GMT
1 < Etag: W/"d8-pYV7+YuMGP2hxHPU9ARrf97ifDA"
1 < Expect-CT: max-age=604800, report-uri="https://report-uri.cloudflare.com/cdn-cgi/beacon/expect-ct"
1 < Expires: -1
1 < Location: http://jsonplaceholder.typicode.com/users/11
1 < Pragma: no-cache
1 < Server: cloudflare
1 < Set-Cookie: __cfduid=d82f2eefceafb69f47fbc40963a9de8571597594215; expires=Tue, 15-Sep-20 16:10:15 GMT; path=/; domain=.typicode.com; HttpOnly; SameSite=Lax
1 < Vary: Origin, X-HTTP-Method-Override, Accept-Encoding
1 < Via: 1.1 vegur
1 < X-Content-Type-Options: nosniff
1 < X-Powered-By: Express
1 < X-Ratelimit-Limit: 1000
1 < X-Ratelimit-Remaining: 999
1 < X-Ratelimit-Reset: 1597594238
1 < cf-request-id: 0499a23c260000e634abb73200000001
{
  "name": "Test User",
  "username": "testuser",
  "email": "test@user.com",
  "address": {
    "street": "Has No Name",
    "suite": "Apt. 123",
    "city": "Electri",
    "zipcode": "54321-6789"
  },
  "id": 11
}

17:10:12.146 [main] INFO  com.intuit.karate - [print] created id is: 11
17:46:10.867 [main] INFO  com.intuit.karate - karate.env system property was:  
17:46:11.265 [main] DEBUG com.intuit.karate - request:
1 > GET https://reqres.in/api/users/2
1 > Accept-Encoding: gzip,deflate
1 > Connection: Keep-Alive
1 > Host: reqres.in
1 > User-Agent: Apache-HttpClient/4.5.11 (Java/13)

17:46:12.170 [main] DEBUG com.intuit.karate - response time in milliseconds: 898.76
1 < 200
1 < Access-Control-Allow-Origin: *
1 < Age: 4059
1 < CF-Cache-Status: HIT
1 < CF-RAY: 5c3ca164d83bce43-LHR
1 < Cache-Control: max-age=14400
1 < Connection: keep-alive
1 < Content-Type: application/json; charset=utf-8
1 < Date: Sun, 16 Aug 2020 16:46:15 GMT
1 < Etag: W/"173-1Z8bn0V7UjH6FK7NCaza1ccWXQk"
1 < Expect-CT: max-age=604800, report-uri="https://report-uri.cloudflare.com/cdn-cgi/beacon/expect-ct"
1 < Server: cloudflare
1 < Set-Cookie: __cfduid=d09cdf6bc4c8732e1b42204b379f945831597596375; expires=Tue, 15-Sep-20 16:46:15 GMT; path=/; domain=.reqres.in; HttpOnly; SameSite=Lax; Secure
1 < Transfer-Encoding: chunked
1 < Vary: Accept-Encoding
1 < Via: 1.1 vegur
1 < X-Powered-By: Express
1 < cf-request-id: 0499c333040000ce43a7a9f200000001
{"data":{"id":2,"email":"janet.weaver@reqres.in","first_name":"Janet","last_name":"Weaver","avatar":"https://s3.amazonaws.com/uifaces/faces/twitter/josephstein/128.jpg"},"ad":{"company":"StatusCode Weekly","url":"http://statuscode.org/","text":"A weekly newsletter focusing on software development, infrastructure, the server, performance, and the stack end of things."}}

17:46:12.172 [main] INFO  com.intuit.karate - [print] {
  "ad": {
    "company": "StatusCode Weekly",
    "text": "A weekly newsletter focusing on software development, infrastructure, the server, performance, and the stack end of things.",
    "url": "http://statuscode.org/"
  },
  "data": {
    "last_name": "Weaver",
    "id": 2,
    "avatar": "https://s3.amazonaws.com/uifaces/faces/twitter/josephstein/128.jpg",
    "first_name": "Janet",
    "email": "janet.weaver@reqres.in"
  }
}

18:08:20.155 [main] INFO  com.intuit.karate.Runner - waiting for parallel features to complete ...
18:08:20.332 [ForkJoinPool-1-worker-3] INFO  com.intuit.karate - karate.env system property was:  
18:08:20.621 [ForkJoinPool-1-worker-3] DEBUG com.intuit.karate - request:
1 > GET https://reqres.in/api/users/2
1 > Accept-Encoding: gzip,deflate
1 > Connection: Keep-Alive
1 > Host: reqres.in
1 > User-Agent: Apache-HttpClient/4.5.11 (Java/13)

18:08:20.941 [ForkJoinPool-1-worker-3] DEBUG com.intuit.karate - response time in milliseconds: 316.66
1 < 200
1 < Access-Control-Allow-Origin: *
1 < Age: 5388
1 < CF-Cache-Status: HIT
1 < CF-RAY: 5c3cc1d5b9a8068a-LHR
1 < Cache-Control: max-age=14400
1 < Connection: keep-alive
1 < Content-Type: application/json; charset=utf-8
1 < Date: Sun, 16 Aug 2020 17:08:24 GMT
1 < Etag: W/"173-1Z8bn0V7UjH6FK7NCaza1ccWXQk"
1 < Expect-CT: max-age=604800, report-uri="https://report-uri.cloudflare.com/cdn-cgi/beacon/expect-ct"
1 < Server: cloudflare
1 < Set-Cookie: __cfduid=d74be79ac33d321b6b88a58851db241711597597704; expires=Tue, 15-Sep-20 17:08:24 GMT; path=/; domain=.reqres.in; HttpOnly; SameSite=Lax; Secure
1 < Transfer-Encoding: chunked
1 < Vary: Accept-Encoding
1 < Via: 1.1 vegur
1 < X-Powered-By: Express
1 < cf-request-id: 0499d779900000068a98a23200000001
{"data":{"id":2,"email":"janet.weaver@reqres.in","first_name":"Janet","last_name":"Weaver","avatar":"https://s3.amazonaws.com/uifaces/faces/twitter/josephstein/128.jpg"},"ad":{"company":"StatusCode Weekly","url":"http://statuscode.org/","text":"A weekly newsletter focusing on software development, infrastructure, the server, performance, and the stack end of things."}}

18:08:20.949 [ForkJoinPool-1-worker-3] INFO  com.intuit.karate - [print] {
  "ad": {
    "company": "StatusCode Weekly",
    "text": "A weekly newsletter focusing on software development, infrastructure, the server, performance, and the stack end of things.",
    "url": "http://statuscode.org/"
  },
  "data": {
    "last_name": "Weaver",
    "id": 2,
    "avatar": "https://s3.amazonaws.com/uifaces/faces/twitter/josephstein/128.jpg",
    "first_name": "Janet",
    "email": "janet.weaver@reqres.in"
  }
}

18:08:21.067 [pool-1-thread-1] INFO  com.intuit.karate.Runner - <<pass>> feature 1 of 1: classpath:com/yosuva/apitest/test.feature
